{
  "stats": {
    "suites": 4,
    "tests": 12,
    "passes": 12,
    "pending": 0,
    "failures": 0,
    "start": "2026-08-06T17:20:05.645Z",
    "end": "2026-08-06T17:22:06.557Z",
    "duration": 120912,
    "testsRegistered": 12,
    "passPercent": 100,
    "pendingPercent": 0,
    "other": 0,
    "hasOther": false,
    "skipped": 0,
    "hasSkipped": false
  },
  "results": [
    {
      "uuid": "e4652137-f2f3-4082-b515-dc346e133f9e",
      "title": "",
      "fullFile": "",
      "file": "",
      "beforeHooks": [],
      "afterHooks": [],
      "tests": [],
      "suites": [
        {
          "uuid": "f6753384-597c-4564-8793-285f70fadea4",
          "title": "API Smoke @Smoke",
          "fullFile": "C:\\Users\\Ekansh Tyagi\\ASSESSMENT FRAMEWORK\\Playwright Framework + Report\\tests\\api\\toolshop.api.spec.js",
          "file": "\\tests\\api\\toolshop.api.spec.js",
          "beforeHooks": [
            {
              "title": "\"before each\" hook in \"API Smoke @Smoke\"",
              "fullTitle": "API Smoke @Smoke \"before each\" hook in \"API Smoke @Smoke\"",
              "timedOut": false,
              "duration": 0,
              "state": null,
              "speed": null,
              "pass": false,
              "fail": false,
              "pending": false,
              "context": null,
              "code": "await harness.launchApi();",
              "err": {},
              "uuid": "4a34ef06-c487-4e91-8b92-be7a8eec51ca",
              "parentUUID": "f6753384-597c-4564-8793-285f70fadea4",
              "isHook": true,
              "skipped": false
            }
          ],
          "afterHooks": [
            {
              "title": "\"after each\" hook in \"API Smoke @Smoke\"",
              "fullTitle": "API Smoke @Smoke \"after each\" hook in \"API Smoke @Smoke\"",
              "timedOut": false,
              "duration": 0,
              "state": null,
              "speed": null,
              "pass": false,
              "fail": false,
              "pending": false,
              "context": null,
              "code": "await harness.closeApi();",
              "err": {},
              "uuid": "2b00bc74-54c1-45e8-928f-e3cbbf30f929",
              "parentUUID": "f6753384-597c-4564-8793-285f70fadea4",
              "isHook": true,
              "skipped": false
            }
          ],
          "tests": [
            {
              "title": "TC-API-S01 | Register, login, and create cart (AC1)",
              "fullTitle": "API Smoke @Smoke TC-API-S01 | Register, login, and create cart (AC1)",
              "timedOut": false,
              "duration": 2287,
              "state": "passed",
              "speed": "fast",
              "pass": true,
              "fail": false,
              "pending": false,
              "context": null,
              "code": "const user = buildUser();\nconst register = await harness.authApi.register(user);\nexpect(register.status()).toBe(201);\nconst login = await harness.authApi.login(user.email, user.password);\nexpect(login.status()).toBe(200);\nconst loginBody = await login.json();\nexpect(loginBody.access_token).toBeTruthy();\nconst cart = await harness.cartApi.create();\nexpect(cart.status()).toBe(201);\nconst cartBody = await cart.json();\nexpect(cartBody.id).toBeTruthy();",
              "err": {},
              "uuid": "63f6930c-6274-4567-8547-0b263235ac84",
              "parentUUID": "f6753384-597c-4564-8793-285f70fadea4",
              "isHook": false,
              "skipped": false
            },
            {
              "title": "TC-API-S02 | Add products and generate invoice (AC2)",
              "fullTitle": "API Smoke @Smoke TC-API-S02 | Add products and generate invoice (AC2)",
              "timedOut": false,
              "duration": 4309,
              "state": "passed",
              "speed": "fast",
              "pass": true,
              "fail": false,
              "pending": false,
              "context": null,
              "code": "const user = buildUser();\nawait harness.authApi.register(user);\nconst login = await harness.authApi.login(user.email, user.password);\nconst { access_token: token } = await login.json();\nconst cart = await harness.cartApi.create();\nconst { id: cartId } = await cart.json();\nconst products = await harness.productApi.list(1);\nexpect(products.status()).toBe(200);\nconst productsBody = await products.json();\nconst productId = productsBody.data[0].id;\nconst add = await harness.cartApi.addProduct(cartId, productId, 1);\nexpect(add.status()).toBe(200);\nconst invoicePayload = {\n  ...BILLING,\n  cart_id: cartId,\n};\nconst invoice = await harness.invoiceApi.create(token, invoicePayload);\nexpect(invoice.status()).toBe(201);\nconst invoiceBody = await invoice.json();\nexpect(invoiceBody.invoice_number).toMatch(/INV-/);\nexpect(invoiceBody.billing_country).toBe('TG');",
              "err": {},
              "uuid": "8a7366fb-5895-46a7-a6fe-1180e151ce7c",
              "parentUUID": "f6753384-597c-4564-8793-285f70fadea4",
              "isHook": false,
              "skipped": false
            }
          ],
          "suites": [],
          "passes": [
            "63f6930c-6274-4567-8547-0b263235ac84",
            "8a7366fb-5895-46a7-a6fe-1180e151ce7c"
          ],
          "failures": [],
          "pending": [],
          "skipped": [],
          "duration": 6596,
          "root": false,
          "rootEmpty": false,
          "_timeout": 90000
        },
        {
          "uuid": "64eda683-8921-44dd-a0fa-ce849b6cd80a",
          "title": "API Regression @Regression",
          "fullFile": "C:\\Users\\Ekansh Tyagi\\ASSESSMENT FRAMEWORK\\Playwright Framework + Report\\tests\\api\\toolshop.api.spec.js",
          "file": "\\tests\\api\\toolshop.api.spec.js",
          "beforeHooks": [
            {
              "title": "\"before each\" hook in \"API Regression @Regression\"",
              "fullTitle": "API Regression @Regression \"before each\" hook in \"API Regression @Regression\"",
              "timedOut": false,
              "duration": 0,
              "state": null,
              "speed": null,
              "pass": false,
              "fail": false,
              "pending": false,
              "context": null,
              "code": "await harness.launchApi();",
              "err": {},
              "uuid": "1c0c4a08-4950-4f8d-a6e8-adfd372b4a2e",
              "parentUUID": "64eda683-8921-44dd-a0fa-ce849b6cd80a",
              "isHook": true,
              "skipped": false
            }
          ],
          "afterHooks": [
            {
              "title": "\"after each\" hook in \"API Regression @Regression\"",
              "fullTitle": "API Regression @Regression \"after each\" hook in \"API Regression @Regression\"",
              "timedOut": false,
              "duration": 1,
              "state": null,
              "speed": null,
              "pass": false,
              "fail": false,
              "pending": false,
              "context": null,
              "code": "await harness.closeApi();",
              "err": {},
              "uuid": "5360507c-713d-4501-b1e9-dffeed0f14e9",
              "parentUUID": "64eda683-8921-44dd-a0fa-ce849b6cd80a",
              "isHook": true,
              "skipped": false
            }
          ],
          "tests": [
            {
              "title": "TC-API-R01 | Login rejected for unknown credentials",
              "fullTitle": "API Regression @Regression TC-API-R01 | Login rejected for unknown credentials",
              "timedOut": false,
              "duration": 603,
              "state": "passed",
              "speed": "fast",
              "pass": true,
              "fail": false,
              "pending": false,
              "context": null,
              "code": "const response = await harness.authApi.loginInvalid('ghost@toolshop.test', 'NoSuchPass!999');\nexpect(response.status()).toBe(401);",
              "err": {},
              "uuid": "da231e96-fb40-4706-a620-d5a4dd3a8631",
              "parentUUID": "64eda683-8921-44dd-a0fa-ce849b6cd80a",
              "isHook": false,
              "skipped": false
            },
            {
              "title": "TC-API-R02 | Invoice creation fails for invalid cart id",
              "fullTitle": "API Regression @Regression TC-API-R02 | Invoice creation fails for invalid cart id",
              "timedOut": false,
              "duration": 2071,
              "state": "passed",
              "speed": "fast",
              "pass": true,
              "fail": false,
              "pending": false,
              "context": null,
              "code": "const user = buildUser();\nawait harness.authApi.register(user);\nconst login = await harness.authApi.login(user.email, user.password);\nconst { access_token: token } = await login.json();\nconst payload = {\n  ...billingData.invalidMissingCart,\n};\nconst response = await harness.invoiceApi.create(token, payload);\nexpect([404, 422]).toContain(response.status());",
              "err": {},
              "uuid": "7db25de0-42ac-43a2-8d55-9a5b2eac9d8b",
              "parentUUID": "64eda683-8921-44dd-a0fa-ce849b6cd80a",
              "isHook": false,
              "skipped": false
            },
            {
              "title": "TC-API-R03 | Product search returns results for known keyword",
              "fullTitle": "API Regression @Regression TC-API-R03 | Product search returns results for known keyword",
              "timedOut": false,
              "duration": 604,
              "state": "passed",
              "speed": "fast",
              "pass": true,
              "fail": false,
              "pending": false,
              "context": null,
              "code": "const response = await harness.productApi.search('Pliers');\nexpect(response.status()).toBe(200);\nconst body = await response.json();\nconst items = body.data || body;\nexpect(items.length).toBeGreaterThan(0);",
              "err": {},
              "uuid": "4ff3d33f-fa7b-4901-969e-bd1efb617c7b",
              "parentUUID": "64eda683-8921-44dd-a0fa-ce849b6cd80a",
              "isHook": false,
              "skipped": false
            },
            {
              "title": "TC-API-R04 | Authenticated /users/me returns profile",
              "fullTitle": "API Regression @Regression TC-API-R04 | Authenticated /users/me returns profile",
              "timedOut": false,
              "duration": 2174,
              "state": "passed",
              "speed": "fast",
              "pass": true,
              "fail": false,
              "pending": false,
              "context": null,
              "code": "const user = buildUser();\nawait harness.authApi.register(user);\nconst login = await harness.authApi.login(user.email, user.password);\nconst { access_token: token } = await login.json();\nconst me = await harness.authApi.me(token);\nexpect(me.status()).toBe(200);\nconst profile = await me.json();\nexpect(profile.email).toBe(user.email);\nexpect(profile.first_name).toBe(user.first_name);",
              "err": {},
              "uuid": "1ed9fcaf-189f-4c09-9183-92fa9ac8acb1",
              "parentUUID": "64eda683-8921-44dd-a0fa-ce849b6cd80a",
              "isHook": false,
              "skipped": false
            }
          ],
          "suites": [],
          "passes": [
            "da231e96-fb40-4706-a620-d5a4dd3a8631",
            "7db25de0-42ac-43a2-8d55-9a5b2eac9d8b",
            "4ff3d33f-fa7b-4901-969e-bd1efb617c7b",
            "1ed9fcaf-189f-4c09-9183-92fa9ac8acb1"
          ],
          "failures": [],
          "pending": [],
          "skipped": [],
          "duration": 5452,
          "root": false,
          "rootEmpty": false,
          "_timeout": 90000
        },
        {
          "uuid": "41d1740a-114f-4b0a-aa05-6e5bf167d1ac",
          "title": "UI Smoke @Smoke",
          "fullFile": "C:\\Users\\Ekansh Tyagi\\ASSESSMENT FRAMEWORK\\Playwright Framework + Report\\tests\\ui\\toolshop.ui.spec.js",
          "file": "\\tests\\ui\\toolshop.ui.spec.js",
          "beforeHooks": [
            {
              "title": "\"before each\" hook in \"UI Smoke @Smoke\"",
              "fullTitle": "UI Smoke @Smoke \"before each\" hook in \"UI Smoke @Smoke\"",
              "timedOut": false,
              "duration": 718,
              "state": null,
              "speed": null,
              "pass": false,
              "fail": false,
              "pending": false,
              "context": null,
              "code": "await harness.launchBrowser();\nawait harness.launchApi();",
              "err": {},
              "uuid": "66d21e43-9dca-4539-8ee2-06a919efd9ad",
              "parentUUID": "41d1740a-114f-4b0a-aa05-6e5bf167d1ac",
              "isHook": true,
              "skipped": false
            }
          ],
          "afterHooks": [
            {
              "title": "\"after each\" hook in \"UI Smoke @Smoke\"",
              "fullTitle": "UI Smoke @Smoke \"after each\" hook in \"UI Smoke @Smoke\"",
              "timedOut": false,
              "duration": 211,
              "state": null,
              "speed": null,
              "pass": false,
              "fail": false,
              "pending": false,
              "context": null,
              "code": "await harness.dispose();",
              "err": {},
              "uuid": "f0b096b6-211e-4339-aed0-05fcce53487e",
              "parentUUID": "41d1740a-114f-4b0a-aa05-6e5bf167d1ac",
              "isHook": true,
              "skipped": false
            }
          ],
          "tests": [
            {
              "title": "TC-UI-S01 | Register and login with valid credentials",
              "fullTitle": "UI Smoke @Smoke TC-UI-S01 | Register and login with valid credentials",
              "timedOut": false,
              "duration": 18959,
              "state": "passed",
              "speed": "medium",
              "pass": true,
              "fail": false,
              "pending": false,
              "context": null,
              "code": "const user = buildUser();\nawait harness.uiFlows.registerAndLogin(user);\nawait harness.accountPage.openProfileTab();\nawait expect(harness.page.locator('[data-test=\"email\"]')).toHaveValue(user.email);",
              "err": {},
              "uuid": "68ed0ae6-1dc4-462f-b736-1c46b097b1f7",
              "parentUUID": "41d1740a-114f-4b0a-aa05-6e5bf167d1ac",
              "isHook": false,
              "skipped": false
            },
            {
              "title": "TC-UI-S02 | Browse product catalog and open product detail",
              "fullTitle": "UI Smoke @Smoke TC-UI-S02 | Browse product catalog and open product detail",
              "timedOut": false,
              "duration": 11270,
              "state": "passed",
              "speed": "fast",
              "pass": true,
              "fail": false,
              "pending": false,
              "context": null,
              "code": "await harness.homePage.goto();\nawait harness.homePage.openFirstProduct();\nawait expect(harness.productPage.title).toBeVisible();\nawait expect(harness.productPage.addToCart).toBeVisible();\nawait expect(harness.page).toHaveURL(/product/);",
              "err": {},
              "uuid": "f844fad4-05b1-4d2c-a806-b527b94c9321",
              "parentUUID": "41d1740a-114f-4b0a-aa05-6e5bf167d1ac",
              "isHook": false,
              "skipped": false
            }
          ],
          "suites": [],
          "passes": [
            "68ed0ae6-1dc4-462f-b736-1c46b097b1f7",
            "f844fad4-05b1-4d2c-a806-b527b94c9321"
          ],
          "failures": [],
          "pending": [],
          "skipped": [],
          "duration": 30229,
          "root": false,
          "rootEmpty": false,
          "_timeout": 90000
        },
        {
          "uuid": "3eadb1d8-ee5e-4466-bfca-6ca5ee7e2119",
          "title": "UI Regression @Regression",
          "fullFile": "C:\\Users\\Ekansh Tyagi\\ASSESSMENT FRAMEWORK\\Playwright Framework + Report\\tests\\ui\\toolshop.ui.spec.js",
          "file": "\\tests\\ui\\toolshop.ui.spec.js",
          "beforeHooks": [
            {
              "title": "\"before each\" hook in \"UI Regression @Regression\"",
              "fullTitle": "UI Regression @Regression \"before each\" hook in \"UI Regression @Regression\"",
              "timedOut": false,
              "duration": 876,
              "state": null,
              "speed": null,
              "pass": false,
              "fail": false,
              "pending": false,
              "context": null,
              "code": "await harness.launchBrowser();\nawait harness.launchApi();",
              "err": {},
              "uuid": "b5d9c839-4282-4ea0-a8cd-35192555fc62",
              "parentUUID": "3eadb1d8-ee5e-4466-bfca-6ca5ee7e2119",
              "isHook": true,
              "skipped": false
            }
          ],
          "afterHooks": [
            {
              "title": "\"after each\" hook in \"UI Regression @Regression\"",
              "fullTitle": "UI Regression @Regression \"after each\" hook in \"UI Regression @Regression\"",
              "timedOut": false,
              "duration": 215,
              "state": null,
              "speed": null,
              "pass": false,
              "fail": false,
              "pending": false,
              "context": null,
              "code": "await harness.dispose();",
              "err": {},
              "uuid": "5efa7444-e14b-4cb0-8783-68698be65e7d",
              "parentUUID": "3eadb1d8-ee5e-4466-bfca-6ca5ee7e2119",
              "isHook": true,
              "skipped": false
            }
          ],
          "tests": [
            {
              "title": "TC-UI-R01 | Login fails with invalid password",
              "fullTitle": "UI Regression @Regression TC-UI-R01 | Login fails with invalid password",
              "timedOut": false,
              "duration": 8792,
              "state": "passed",
              "speed": "fast",
              "pass": true,
              "fail": false,
              "pending": false,
              "context": null,
              "code": "await harness.loginPage.goto();\nawait harness.loginPage.login('invalid.user@toolshop.test', 'WrongPass!123');\nawait expect(harness.page).toHaveURL(/login/);\nawait expect(harness.loginPage.error).toBeVisible();",
              "err": {},
              "uuid": "aa234032-d8da-4f95-add4-6cf8b3379fad",
              "parentUUID": "3eadb1d8-ee5e-4466-bfca-6ca5ee7e2119",
              "isHook": false,
              "skipped": false
            },
            {
              "title": "TC-UI-R02 | End-to-end purchase with COD and invoice confirmation",
              "fullTitle": "UI Regression @Regression TC-UI-R02 | End-to-end purchase with COD and invoice confirmation",
              "timedOut": false,
              "duration": 50338,
              "state": "passed",
              "speed": "slow",
              "pass": true,
              "fail": false,
              "pending": false,
              "context": null,
              "code": "const user = buildUser();\nawait harness.uiFlows.registerAndLogin(user, { viaApi: true });\nawait harness.uiFlows.addFirstProductToCart(2);\nawait harness.uiFlows.completeCashOnDeliveryCheckout();\nawait harness.accountPage.openMyInvoices();\nawait expect(harness.page.getByText(/INV-|invoice/i).first()).toBeVisible({ timeout: 30_000 });",
              "err": {},
              "uuid": "2664866f-76bd-4333-bf62-d165839845ec",
              "parentUUID": "3eadb1d8-ee5e-4466-bfca-6ca5ee7e2119",
              "isHook": false,
              "skipped": false
            },
            {
              "title": "TC-UI-R03 | Search returns matching products",
              "fullTitle": "UI Regression @Regression TC-UI-R03 | Search returns matching products",
              "timedOut": false,
              "duration": 1637,
              "state": "passed",
              "speed": "fast",
              "pass": true,
              "fail": false,
              "pending": false,
              "context": null,
              "code": "await harness.homePage.goto();\nawait harness.homePage.search('Pliers');\nawait expect(harness.page.getByText(/pliers/i).first()).toBeVisible();",
              "err": {},
              "uuid": "830b2d8e-6451-4f6c-9579-ac08a6e61350",
              "parentUUID": "3eadb1d8-ee5e-4466-bfca-6ca5ee7e2119",
              "isHook": false,
              "skipped": false
            },
            {
              "title": "TC-UI-R04 | Profile displays registered user details",
              "fullTitle": "UI Regression @Regression TC-UI-R04 | Profile displays registered user details",
              "timedOut": false,
              "duration": 11779,
              "state": "passed",
              "speed": "fast",
              "pass": true,
              "fail": false,
              "pending": false,
              "context": null,
              "code": "const user = buildUser({ first_name: 'Profile', last_name: 'Check' });\nawait harness.uiFlows.registerAndLogin(user);\nawait harness.accountPage.openProfileTab();\nawait expect(harness.page.locator('[data-test=\"first-name\"]')).toHaveValue('Profile');\nawait expect(harness.page.locator('[data-test=\"last-name\"]')).toHaveValue('Check');\nawait expect(harness.page.locator('[data-test=\"email\"]')).toHaveValue(user.email);",
              "err": {},
              "uuid": "3246c762-dbf0-409f-ad22-61d916a86533",
              "parentUUID": "3eadb1d8-ee5e-4466-bfca-6ca5ee7e2119",
              "isHook": false,
              "skipped": false
            }
          ],
          "suites": [],
          "passes": [
            "aa234032-d8da-4f95-add4-6cf8b3379fad",
            "2664866f-76bd-4333-bf62-d165839845ec",
            "830b2d8e-6451-4f6c-9579-ac08a6e61350",
            "3246c762-dbf0-409f-ad22-61d916a86533"
          ],
          "failures": [],
          "pending": [],
          "skipped": [],
          "duration": 72546,
          "root": false,
          "rootEmpty": false,
          "_timeout": 90000
        }
      ],
      "passes": [],
      "failures": [],
      "pending": [],
      "skipped": [],
      "duration": 0,
      "root": true,
      "rootEmpty": true,
      "_timeout": 90000
    }
  ],
  "meta": {
    "mocha": {
      "version": "11.7.1"
    },
    "mochawesome": {
      "options": {
        "quiet": false,
        "reportFilename": "index",
        "saveHtml": true,
        "saveJson": true,
        "consoleReporter": "spec",
        "useInlineDiffs": false,
        "code": true
      },
      "version": "7.1.3"
    },
    "marge": {
      "options": {
        "reportDir": "execution-reports/mochawesome",
        "reportFilename": "index",
        "[object Object]": true
      },
      "version": "6.3.2"
    }
  }
}