{
  "stats": {
    "suites": 4,
    "tests": 12,
    "passes": 12,
    "pending": 0,
    "failures": 0,
    "start": "2026-08-06T16:40:44.708Z",
    "end": "2026-08-06T16:42:37.008Z",
    "duration": 112300,
    "testsRegistered": 12,
    "passPercent": 100,
    "pendingPercent": 0,
    "other": 0,
    "hasOther": false,
    "skipped": 0,
    "hasSkipped": false
  },
  "results": [
    {
      "uuid": "03a7843d-8b22-44bf-93ce-5b3e669c59e7",
      "title": "",
      "fullFile": "",
      "file": "",
      "beforeHooks": [],
      "afterHooks": [],
      "tests": [],
      "suites": [
        {
          "uuid": "909507df-e7a1-4e12-ac14-76b3feb4cbbb",
          "title": "API Smoke @Smoke",
          "fullFile": "C:\\Users\\Ekansh Tyagi\\ASSESSMENT FRAMEWORK\\Projectstructure\\tests\\api\\toolshop.api.spec.js",
          "file": "\\tests\\api\\toolshop.api.spec.js",
          "beforeHooks": [
            {
              "title": "\"before each\" hook in \"API Smoke @Smoke\"",
              "fullTitle": "API Smoke @Smoke \"before each\" hook in \"API Smoke @Smoke\"",
              "timedOut": false,
              "duration": 1,
              "state": null,
              "speed": null,
              "pass": false,
              "fail": false,
              "pending": false,
              "context": null,
              "code": "await harness.launchApi();",
              "err": {},
              "uuid": "09980fa1-71e8-4c29-b6bd-ce46a6c2860f",
              "parentUUID": "909507df-e7a1-4e12-ac14-76b3feb4cbbb",
              "isHook": true,
              "skipped": false
            }
          ],
          "afterHooks": [
            {
              "title": "\"after each\" hook in \"API Smoke @Smoke\"",
              "fullTitle": "API Smoke @Smoke \"after each\" hook in \"API Smoke @Smoke\"",
              "timedOut": false,
              "duration": 1,
              "state": null,
              "speed": null,
              "pass": false,
              "fail": false,
              "pending": false,
              "context": null,
              "code": "await harness.closeApi();",
              "err": {},
              "uuid": "01ada1e0-d846-4694-954a-1564a9538d9e",
              "parentUUID": "909507df-e7a1-4e12-ac14-76b3feb4cbbb",
              "isHook": true,
              "skipped": false
            }
          ],
          "tests": [
            {
              "title": "TC-API-S01 | Register, login, and create cart (AC1)",
              "fullTitle": "API Smoke @Smoke TC-API-S01 | Register, login, and create cart (AC1)",
              "timedOut": false,
              "duration": 2264,
              "state": "passed",
              "speed": "fast",
              "pass": true,
              "fail": false,
              "pending": false,
              "context": null,
              "code": "const user = buildUser();\nconst register = await harness.authApi.register(user);\nexpect(register.status()).toBe(201);\nconst login = await harness.authApi.login(user.email, user.password);\nexpect(login.status()).toBe(200);\nconst loginBody = await login.json();\nexpect(loginBody.access_token).toBeTruthy();\nconst cart = await harness.cartApi.create();\nexpect(cart.status()).toBe(201);\nconst cartBody = await cart.json();\nexpect(cartBody.id).toBeTruthy();",
              "err": {},
              "uuid": "2fb45644-5111-4301-af0e-3cc12ed1c734",
              "parentUUID": "909507df-e7a1-4e12-ac14-76b3feb4cbbb",
              "isHook": false,
              "skipped": false
            },
            {
              "title": "TC-API-S02 | Add products and generate invoice (AC2)",
              "fullTitle": "API Smoke @Smoke TC-API-S02 | Add products and generate invoice (AC2)",
              "timedOut": false,
              "duration": 4211,
              "state": "passed",
              "speed": "fast",
              "pass": true,
              "fail": false,
              "pending": false,
              "context": null,
              "code": "const user = buildUser();\nawait harness.authApi.register(user);\nconst login = await harness.authApi.login(user.email, user.password);\nconst { access_token: token } = await login.json();\nconst cart = await harness.cartApi.create();\nconst { id: cartId } = await cart.json();\nconst products = await harness.productApi.list(1);\nexpect(products.status()).toBe(200);\nconst productsBody = await products.json();\nconst productId = productsBody.data[0].id;\nconst add = await harness.cartApi.addProduct(cartId, productId, 1);\nexpect(add.status()).toBe(200);\nconst invoicePayload = {\n  ...BILLING,\n  cart_id: cartId,\n};\nconst invoice = await harness.invoiceApi.create(token, invoicePayload);\nexpect(invoice.status()).toBe(201);\nconst invoiceBody = await invoice.json();\nexpect(invoiceBody.invoice_number).toMatch(/INV-/);\nexpect(invoiceBody.billing_country).toBe('TG');",
              "err": {},
              "uuid": "2c79b69b-033e-437e-8cfd-ae6c2cf77ce5",
              "parentUUID": "909507df-e7a1-4e12-ac14-76b3feb4cbbb",
              "isHook": false,
              "skipped": false
            }
          ],
          "suites": [],
          "passes": [
            "2fb45644-5111-4301-af0e-3cc12ed1c734",
            "2c79b69b-033e-437e-8cfd-ae6c2cf77ce5"
          ],
          "failures": [],
          "pending": [],
          "skipped": [],
          "duration": 6475,
          "root": false,
          "rootEmpty": false,
          "_timeout": 90000
        },
        {
          "uuid": "4fb9cd13-dcb6-4467-bd61-b63fccf62272",
          "title": "API Regression @Regression",
          "fullFile": "C:\\Users\\Ekansh Tyagi\\ASSESSMENT FRAMEWORK\\Projectstructure\\tests\\api\\toolshop.api.spec.js",
          "file": "\\tests\\api\\toolshop.api.spec.js",
          "beforeHooks": [
            {
              "title": "\"before each\" hook in \"API Regression @Regression\"",
              "fullTitle": "API Regression @Regression \"before each\" hook in \"API Regression @Regression\"",
              "timedOut": false,
              "duration": 0,
              "state": null,
              "speed": null,
              "pass": false,
              "fail": false,
              "pending": false,
              "context": null,
              "code": "await harness.launchApi();",
              "err": {},
              "uuid": "b0558971-5c7e-449c-80fe-7b8b6462349b",
              "parentUUID": "4fb9cd13-dcb6-4467-bd61-b63fccf62272",
              "isHook": true,
              "skipped": false
            }
          ],
          "afterHooks": [
            {
              "title": "\"after each\" hook in \"API Regression @Regression\"",
              "fullTitle": "API Regression @Regression \"after each\" hook in \"API Regression @Regression\"",
              "timedOut": false,
              "duration": 0,
              "state": null,
              "speed": null,
              "pass": false,
              "fail": false,
              "pending": false,
              "context": null,
              "code": "await harness.closeApi();",
              "err": {},
              "uuid": "032b8dd8-663f-4d23-9e19-b864f3df2528",
              "parentUUID": "4fb9cd13-dcb6-4467-bd61-b63fccf62272",
              "isHook": true,
              "skipped": false
            }
          ],
          "tests": [
            {
              "title": "TC-API-R01 | Login rejected for unknown credentials",
              "fullTitle": "API Regression @Regression TC-API-R01 | Login rejected for unknown credentials",
              "timedOut": false,
              "duration": 749,
              "state": "passed",
              "speed": "fast",
              "pass": true,
              "fail": false,
              "pending": false,
              "context": null,
              "code": "const response = await harness.authApi.loginInvalid('ghost@toolshop.test', 'NoSuchPass!999');\nexpect(response.status()).toBe(401);",
              "err": {},
              "uuid": "a0254ca2-4eef-4629-a2cc-e95fcbb8b6e0",
              "parentUUID": "4fb9cd13-dcb6-4467-bd61-b63fccf62272",
              "isHook": false,
              "skipped": false
            },
            {
              "title": "TC-API-R02 | Invoice creation fails for invalid cart id",
              "fullTitle": "API Regression @Regression TC-API-R02 | Invoice creation fails for invalid cart id",
              "timedOut": false,
              "duration": 2614,
              "state": "passed",
              "speed": "fast",
              "pass": true,
              "fail": false,
              "pending": false,
              "context": null,
              "code": "const user = buildUser();\nawait harness.authApi.register(user);\nconst login = await harness.authApi.login(user.email, user.password);\nconst { access_token: token } = await login.json();\nconst payload = {\n  ...billingData.invalidMissingCart,\n};\nconst response = await harness.invoiceApi.create(token, payload);\nexpect([404, 422]).toContain(response.status());",
              "err": {},
              "uuid": "10584d47-4377-4d42-97ea-fda266f53ef6",
              "parentUUID": "4fb9cd13-dcb6-4467-bd61-b63fccf62272",
              "isHook": false,
              "skipped": false
            },
            {
              "title": "TC-API-R03 | Product search returns results for known keyword",
              "fullTitle": "API Regression @Regression TC-API-R03 | Product search returns results for known keyword",
              "timedOut": false,
              "duration": 657,
              "state": "passed",
              "speed": "fast",
              "pass": true,
              "fail": false,
              "pending": false,
              "context": null,
              "code": "const response = await harness.productApi.search('Pliers');\nexpect(response.status()).toBe(200);\nconst body = await response.json();\nconst items = body.data || body;\nexpect(items.length).toBeGreaterThan(0);",
              "err": {},
              "uuid": "99db9ac7-a245-4e4f-b677-7534ccc347bb",
              "parentUUID": "4fb9cd13-dcb6-4467-bd61-b63fccf62272",
              "isHook": false,
              "skipped": false
            },
            {
              "title": "TC-API-R04 | Authenticated /users/me returns profile",
              "fullTitle": "API Regression @Regression TC-API-R04 | Authenticated /users/me returns profile",
              "timedOut": false,
              "duration": 2143,
              "state": "passed",
              "speed": "fast",
              "pass": true,
              "fail": false,
              "pending": false,
              "context": null,
              "code": "const user = buildUser();\nawait harness.authApi.register(user);\nconst login = await harness.authApi.login(user.email, user.password);\nconst { access_token: token } = await login.json();\nconst me = await harness.authApi.me(token);\nexpect(me.status()).toBe(200);\nconst profile = await me.json();\nexpect(profile.email).toBe(user.email);\nexpect(profile.first_name).toBe(user.first_name);",
              "err": {},
              "uuid": "fc91efc5-7375-4fa4-827a-9df0e39028f5",
              "parentUUID": "4fb9cd13-dcb6-4467-bd61-b63fccf62272",
              "isHook": false,
              "skipped": false
            }
          ],
          "suites": [],
          "passes": [
            "a0254ca2-4eef-4629-a2cc-e95fcbb8b6e0",
            "10584d47-4377-4d42-97ea-fda266f53ef6",
            "99db9ac7-a245-4e4f-b677-7534ccc347bb",
            "fc91efc5-7375-4fa4-827a-9df0e39028f5"
          ],
          "failures": [],
          "pending": [],
          "skipped": [],
          "duration": 6163,
          "root": false,
          "rootEmpty": false,
          "_timeout": 90000
        },
        {
          "uuid": "8673f8e5-0e2c-454c-83e6-7df88811ad12",
          "title": "UI Smoke @Smoke",
          "fullFile": "C:\\Users\\Ekansh Tyagi\\ASSESSMENT FRAMEWORK\\Projectstructure\\tests\\ui\\toolshop.ui.spec.js",
          "file": "\\tests\\ui\\toolshop.ui.spec.js",
          "beforeHooks": [
            {
              "title": "\"before each\" hook in \"UI Smoke @Smoke\"",
              "fullTitle": "UI Smoke @Smoke \"before each\" hook in \"UI Smoke @Smoke\"",
              "timedOut": false,
              "duration": 595,
              "state": null,
              "speed": null,
              "pass": false,
              "fail": false,
              "pending": false,
              "context": null,
              "code": "await harness.launchBrowser();\nawait harness.launchApi();",
              "err": {},
              "uuid": "d4e0cfb4-9075-4871-9884-74ebdd3e737e",
              "parentUUID": "8673f8e5-0e2c-454c-83e6-7df88811ad12",
              "isHook": true,
              "skipped": false
            }
          ],
          "afterHooks": [
            {
              "title": "\"after each\" hook in \"UI Smoke @Smoke\"",
              "fullTitle": "UI Smoke @Smoke \"after each\" hook in \"UI Smoke @Smoke\"",
              "timedOut": false,
              "duration": 203,
              "state": null,
              "speed": null,
              "pass": false,
              "fail": false,
              "pending": false,
              "context": null,
              "code": "await harness.dispose();",
              "err": {},
              "uuid": "1691c6ef-c1f1-464f-b673-9c6ec537c5be",
              "parentUUID": "8673f8e5-0e2c-454c-83e6-7df88811ad12",
              "isHook": true,
              "skipped": false
            }
          ],
          "tests": [
            {
              "title": "TC-UI-S01 | Register and login with valid credentials",
              "fullTitle": "UI Smoke @Smoke TC-UI-S01 | Register and login with valid credentials",
              "timedOut": false,
              "duration": 19864,
              "state": "passed",
              "speed": "medium",
              "pass": true,
              "fail": false,
              "pending": false,
              "context": null,
              "code": "const user = buildUser();\nawait harness.uiFlows.registerAndLogin(user);\nawait harness.accountPage.openProfileTab();\nawait expect(harness.page.locator('[data-test=\"email\"]')).toHaveValue(user.email);",
              "err": {},
              "uuid": "922b1223-50c0-4431-9c13-93f76747db95",
              "parentUUID": "8673f8e5-0e2c-454c-83e6-7df88811ad12",
              "isHook": false,
              "skipped": false
            },
            {
              "title": "TC-UI-S02 | Browse product catalog and open product detail",
              "fullTitle": "UI Smoke @Smoke TC-UI-S02 | Browse product catalog and open product detail",
              "timedOut": false,
              "duration": 5018,
              "state": "passed",
              "speed": "fast",
              "pass": true,
              "fail": false,
              "pending": false,
              "context": null,
              "code": "await harness.homePage.goto();\nawait harness.homePage.openFirstProduct();\nawait expect(harness.productPage.title).toBeVisible();\nawait expect(harness.productPage.addToCart).toBeVisible();\nawait expect(harness.page).toHaveURL(/product/);",
              "err": {},
              "uuid": "31721a9f-7185-4392-83b4-1412b6c34a55",
              "parentUUID": "8673f8e5-0e2c-454c-83e6-7df88811ad12",
              "isHook": false,
              "skipped": false
            }
          ],
          "suites": [],
          "passes": [
            "922b1223-50c0-4431-9c13-93f76747db95",
            "31721a9f-7185-4392-83b4-1412b6c34a55"
          ],
          "failures": [],
          "pending": [],
          "skipped": [],
          "duration": 24882,
          "root": false,
          "rootEmpty": false,
          "_timeout": 90000
        },
        {
          "uuid": "0a413a45-ad3f-45d7-8d20-f5f7e645a3a0",
          "title": "UI Regression @Regression",
          "fullFile": "C:\\Users\\Ekansh Tyagi\\ASSESSMENT FRAMEWORK\\Projectstructure\\tests\\ui\\toolshop.ui.spec.js",
          "file": "\\tests\\ui\\toolshop.ui.spec.js",
          "beforeHooks": [
            {
              "title": "\"before each\" hook in \"UI Regression @Regression\"",
              "fullTitle": "UI Regression @Regression \"before each\" hook in \"UI Regression @Regression\"",
              "timedOut": false,
              "duration": 492,
              "state": null,
              "speed": null,
              "pass": false,
              "fail": false,
              "pending": false,
              "context": null,
              "code": "await harness.launchBrowser();\nawait harness.launchApi();",
              "err": {},
              "uuid": "9d2ad764-228c-4631-8c19-3e0e7d192212",
              "parentUUID": "0a413a45-ad3f-45d7-8d20-f5f7e645a3a0",
              "isHook": true,
              "skipped": false
            }
          ],
          "afterHooks": [
            {
              "title": "\"after each\" hook in \"UI Regression @Regression\"",
              "fullTitle": "UI Regression @Regression \"after each\" hook in \"UI Regression @Regression\"",
              "timedOut": false,
              "duration": 210,
              "state": null,
              "speed": null,
              "pass": false,
              "fail": false,
              "pending": false,
              "context": null,
              "code": "await harness.dispose();",
              "err": {},
              "uuid": "507a2d57-6a34-415f-ab83-e05d99e0f59e",
              "parentUUID": "0a413a45-ad3f-45d7-8d20-f5f7e645a3a0",
              "isHook": true,
              "skipped": false
            }
          ],
          "tests": [
            {
              "title": "TC-UI-R01 | Login fails with invalid password",
              "fullTitle": "UI Regression @Regression TC-UI-R01 | Login fails with invalid password",
              "timedOut": false,
              "duration": 9803,
              "state": "passed",
              "speed": "fast",
              "pass": true,
              "fail": false,
              "pending": false,
              "context": null,
              "code": "await harness.loginPage.goto();\nawait harness.loginPage.login('invalid.user@toolshop.test', 'WrongPass!123');\nawait expect(harness.page).toHaveURL(/login/);\nawait expect(harness.loginPage.error).toBeVisible();",
              "err": {},
              "uuid": "9009f1ea-d457-49c8-a615-f947cb3a906c",
              "parentUUID": "0a413a45-ad3f-45d7-8d20-f5f7e645a3a0",
              "isHook": false,
              "skipped": false
            },
            {
              "title": "TC-UI-R02 | End-to-end purchase with COD and invoice confirmation",
              "fullTitle": "UI Regression @Regression TC-UI-R02 | End-to-end purchase with COD and invoice confirmation",
              "timedOut": false,
              "duration": 43802,
              "state": "passed",
              "speed": "slow",
              "pass": true,
              "fail": false,
              "pending": false,
              "context": null,
              "code": "const user = buildUser();\nawait harness.uiFlows.registerAndLogin(user, { viaApi: true });\nawait harness.uiFlows.addFirstProductToCart(2);\nawait harness.uiFlows.completeCashOnDeliveryCheckout();\nawait harness.accountPage.openMyInvoices();\nawait expect(harness.page.getByText(/INV-|invoice/i).first()).toBeVisible({ timeout: 30_000 });",
              "err": {},
              "uuid": "3443f4f9-39cf-487a-825e-f9e3eca05eac",
              "parentUUID": "0a413a45-ad3f-45d7-8d20-f5f7e645a3a0",
              "isHook": false,
              "skipped": false
            },
            {
              "title": "TC-UI-R03 | Search returns matching products",
              "fullTitle": "UI Regression @Regression TC-UI-R03 | Search returns matching products",
              "timedOut": false,
              "duration": 1479,
              "state": "passed",
              "speed": "fast",
              "pass": true,
              "fail": false,
              "pending": false,
              "context": null,
              "code": "await harness.homePage.goto();\nawait harness.homePage.search('Pliers');\nawait expect(harness.page.getByText(/pliers/i).first()).toBeVisible();",
              "err": {},
              "uuid": "3a507e06-1d14-43a4-9803-96ff0d013bf8",
              "parentUUID": "0a413a45-ad3f-45d7-8d20-f5f7e645a3a0",
              "isHook": false,
              "skipped": false
            },
            {
              "title": "TC-UI-R04 | Profile displays registered user details",
              "fullTitle": "UI Regression @Regression TC-UI-R04 | Profile displays registered user details",
              "timedOut": false,
              "duration": 14958,
              "state": "passed",
              "speed": "fast",
              "pass": true,
              "fail": false,
              "pending": false,
              "context": null,
              "code": "const user = buildUser({ first_name: 'Profile', last_name: 'Check' });\nawait harness.uiFlows.registerAndLogin(user);\nawait harness.accountPage.openProfileTab();\nawait expect(harness.page.locator('[data-test=\"first-name\"]')).toHaveValue('Profile');\nawait expect(harness.page.locator('[data-test=\"last-name\"]')).toHaveValue('Check');\nawait expect(harness.page.locator('[data-test=\"email\"]')).toHaveValue(user.email);",
              "err": {},
              "uuid": "7b1f0ad0-db51-4bae-ac40-a62b436e8e82",
              "parentUUID": "0a413a45-ad3f-45d7-8d20-f5f7e645a3a0",
              "isHook": false,
              "skipped": false
            }
          ],
          "suites": [],
          "passes": [
            "9009f1ea-d457-49c8-a615-f947cb3a906c",
            "3443f4f9-39cf-487a-825e-f9e3eca05eac",
            "3a507e06-1d14-43a4-9803-96ff0d013bf8",
            "7b1f0ad0-db51-4bae-ac40-a62b436e8e82"
          ],
          "failures": [],
          "pending": [],
          "skipped": [],
          "duration": 70042,
          "root": false,
          "rootEmpty": false,
          "_timeout": 90000
        }
      ],
      "passes": [],
      "failures": [],
      "pending": [],
      "skipped": [],
      "duration": 0,
      "root": true,
      "rootEmpty": true,
      "_timeout": 90000
    }
  ],
  "meta": {
    "mocha": {
      "version": "11.7.1"
    },
    "mochawesome": {
      "options": {
        "quiet": false,
        "reportFilename": "index",
        "saveHtml": true,
        "saveJson": true,
        "consoleReporter": "spec",
        "useInlineDiffs": false,
        "code": true
      },
      "version": "7.1.3"
    },
    "marge": {
      "options": {
        "reportDir": "execution-reports/mochawesome",
        "reportFilename": "index",
        "[object Object]": true
      },
      "version": "6.3.2"
    }
  }
}