<testsuites id="" name="" tests="6" failures="0" skipped="0" errors="0" time="106.080292">
<testsuite name="ui\toolshop.ui.spec.js" timestamp="2026-07-31T08:43:22.902Z" hostname="ui-chromium" tests="6" failures="0" skipped="0" time="102.15" errors="0">
<testcase name="UI Smoke @Smoke › TC-UI-S01 | Register and login with valid credentials" classname="ui\toolshop.ui.spec.js" time="18.433">
</testcase>
<testcase name="UI Smoke @Smoke › TC-UI-S02 | Browse product catalog and open product detail" classname="ui\toolshop.ui.spec.js" time="5.977">
</testcase>
<testcase name="UI Regression @Regression › TC-UI-R01 | Login fails with invalid password" classname="ui\toolshop.ui.spec.js" time="5.782">
</testcase>
<testcase name="UI Regression @Regression › TC-UI-R02 | End-to-end purchase with COD and invoice confirmation" classname="ui\toolshop.ui.spec.js" time="47.5">
</testcase>
<testcase name="UI Regression @Regression › TC-UI-R03 | Search returns matching products" classname="ui\toolshop.ui.spec.js" time="2.942">
</testcase>
<testcase name="UI Regression @Regression › TC-UI-R04 | Profile displays registered user details" classname="ui\toolshop.ui.spec.js" time="21.516">
</testcase>
</testsuite>
</testsuites>